<?xml version="1.0" encoding="UTF-8"?>
<!-- Generated by org.testng.reporters.JUnitReportReporter -->
<testsuite skipped="0" hostname="Rahuls-MacBook-Pro.local" name="arjex.youtube.scheduled.YXRadioButtonConfigTests" tests="1" failures="0" timestamp="20 Sep 2019 08:35:26 GMT" time="4.618" errors="1">
  <testcase name="test4StateCheckOff" time="4.618" classname="arjex.youtube.scheduled.YXRadioButtonConfigTests">
    <error type="arjuna.lib.httpclient.SetuHttpException" message="Setu returned an error response.">
      <![CDATA[arjuna.lib.httpclient.SetuHttpException: Setu returned an error response.
at arjuna.lib.httpclient.BasicRestClient.handleResponse(BasicRestClient.java:38)
at arjuna.lib.httpclient.BasicRestClient.post(BasicRestClient.java:64)
at arjuna.client.core.connector.DefaultSetuRequester.post(BaseSetuObject.java:113)
at arjuna.client.core.connector.SetuConnectUtils.sendRequest(SetuConnectUtils.java:65)
at arjuna.client.core.connector.BaseSetuObject.sendRequest(BaseSetuObject.java:73)
at arjuna.client.guiauto.component.GuiAutoComponentFactory$BaseComponent.sendSetuRequest(GuiAutoComponentFactory.java:105)
at arjuna.client.guiauto.component.GuiAutoComponentFactory$MultiElementSelectable.selectByIndex(GuiAutoComponentFactory.java:265)
at arjex.youtube.scheduled.YXRadioButtonConfigTests.test4StateCheckOff(YXRadioButtonConfigTests.java:88)
at sun.reflect.NativeMethodAccessorImpl.invoke0(Native Method)
at sun.reflect.NativeMethodAccessorImpl.invoke(NativeMethodAccessorImpl.java:62)
at sun.reflect.DelegatingMethodAccessorImpl.invoke(DelegatingMethodAccessorImpl.java:43)
at java.lang.reflect.Method.invoke(Method.java:498)
at org.testng.internal.MethodInvocationHelper.invokeMethod(MethodInvocationHelper.java:124)
at org.testng.internal.Invoker.invokeMethod(Invoker.java:583)
at org.testng.internal.Invoker.invokeTestMethod(Invoker.java:719)
at org.testng.internal.Invoker.invokeTestMethods(Invoker.java:989)
at org.testng.internal.TestMethodWorker.invokeTestMethods(TestMethodWorker.java:125)
at org.testng.internal.TestMethodWorker.run(TestMethodWorker.java:109)
at org.testng.TestRunner.privateRun(TestRunner.java:648)
at org.testng.TestRunner.run(TestRunner.java:505)
at org.testng.SuiteRunner.runTest(SuiteRunner.java:455)
at org.testng.SuiteRunner.runSequentially(SuiteRunner.java:450)
at org.testng.SuiteRunner.privateRun(SuiteRunner.java:415)
at org.testng.SuiteRunner.run(SuiteRunner.java:364)
at org.testng.SuiteRunnerWorker.runSuite(SuiteRunnerWorker.java:52)
at org.testng.SuiteRunnerWorker.run(SuiteRunnerWorker.java:84)
at org.testng.TestNG.runSuitesSequentially(TestNG.java:1208)
at org.testng.TestNG.runSuitesLocally(TestNG.java:1137)
at org.testng.TestNG.runSuites(TestNG.java:1049)
at org.testng.TestNG.run(TestNG.java:1017)
at org.testng.remote.AbstractRemoteTestNG.run(AbstractRemoteTestNG.java:114)
at org.testng.remote.RemoteTestNG.initAndRun(RemoteTestNG.java:251)
at org.testng.remote.RemoteTestNG.main(RemoteTestNG.java:77)
]]>
    </error>
  </testcase> <!-- test4StateCheckOff -->
</testsuite> <!-- arjex.youtube.scheduled.YXRadioButtonConfigTests -->
