<?xml version="1.0" encoding="UTF-8"?>
<!-- Generated by org.testng.reporters.JUnitReportReporter -->
<testsuite skipped="0" hostname="Rahuls-MacBook-Pro.local" name="arjex.youtube.scheduled.YXWithJSSituations" tests="1" failures="0" timestamp="18 Oct 2019 10:26:56 GMT" time="0.017" errors="1">
  <testcase name="testSNonElement" time="0.017" classname="arjex.youtube.scheduled.YXWithJSSituations">
    <error type="arjuna.lib.httpclient.SetuHttpException" message="Setu returned an error response.">
      <![CDATA[arjuna.lib.httpclient.SetuHttpException: Setu returned an error response.
at arjuna.lib.httpclient.BasicRestClient.handleResponse(BasicRestClient.java:40)
at arjuna.lib.httpclient.BasicRestClient.post(BasicRestClient.java:66)
at arjuna.client.core.connector.DefaultSetuRequester.post(BaseSetuObject.java:113)
at arjuna.client.core.connector.SetuConnectUtils.sendRequest(SetuConnectUtils.java:65)
at arjuna.client.core.connector.BaseSetuObject.sendRequest(BaseSetuObject.java:73)
at arjuna.client.guiauto.automator.DefaultGuiAutomator.launch(DefaultGuiAutomator.java:58)
at arjuna.client.guiauto.automator.DefaultGuiAutomator.<init>(DefaultGuiAutomator.java:39)
at arjuna.lib.state.ArjunaSingleton.createGuiAutomator(ArjunaSingleton.java:133)
at arjuna.tpi.Arjuna.createGuiAutomator(Arjuna.java:61)
at arjex.youtube.scheduled.YXWithJSSituations.testSNonElement(YXWithJSSituations.java:100)
at sun.reflect.NativeMethodAccessorImpl.invoke0(Native Method)
at sun.reflect.NativeMethodAccessorImpl.invoke(NativeMethodAccessorImpl.java:62)
at sun.reflect.DelegatingMethodAccessorImpl.invoke(DelegatingMethodAccessorImpl.java:43)
at java.lang.reflect.Method.invoke(Method.java:498)
at org.testng.internal.MethodInvocationHelper.invokeMethod(MethodInvocationHelper.java:124)
at org.testng.internal.Invoker.invokeMethod(Invoker.java:583)
at org.testng.internal.Invoker.invokeTestMethod(Invoker.java:719)
at org.testng.internal.Invoker.invokeTestMethods(Invoker.java:989)
at org.testng.internal.TestMethodWorker.invokeTestMethods(TestMethodWorker.java:125)
at org.testng.internal.TestMethodWorker.run(TestMethodWorker.java:109)
at org.testng.TestRunner.privateRun(TestRunner.java:648)
at org.testng.TestRunner.run(TestRunner.java:505)
at org.testng.SuiteRunner.runTest(SuiteRunner.java:455)
at org.testng.SuiteRunner.runSequentially(SuiteRunner.java:450)
at org.testng.SuiteRunner.privateRun(SuiteRunner.java:415)
at org.testng.SuiteRunner.run(SuiteRunner.java:364)
at org.testng.SuiteRunnerWorker.runSuite(SuiteRunnerWorker.java:52)
at org.testng.SuiteRunnerWorker.run(SuiteRunnerWorker.java:84)
at org.testng.TestNG.runSuitesSequentially(TestNG.java:1208)
at org.testng.TestNG.runSuitesLocally(TestNG.java:1137)
at org.testng.TestNG.runSuites(TestNG.java:1049)
at org.testng.TestNG.run(TestNG.java:1017)
at org.testng.remote.AbstractRemoteTestNG.run(AbstractRemoteTestNG.java:114)
at org.testng.remote.RemoteTestNG.initAndRun(RemoteTestNG.java:251)
at org.testng.remote.RemoteTestNG.main(RemoteTestNG.java:77)
]]>
    </error>
  </testcase> <!-- testSNonElement -->
</testsuite> <!-- arjex.youtube.scheduled.YXWithJSSituations -->
