<?xml version="1.0" encoding="UTF-8"?>
<!-- Generated by org.testng.reporters.JUnitXMLReporter -->
<testsuite hostname="Rahuls-MacBook-Pro.local" ignored="6" name="Default test" tests="1" failures="1" timestamp="18 Oct 2019 11:13:19 GMT" time="123.295" errors="0">
  <testcase name="@AfterMethod endMethod" time="60.182" classname="arjuna.tpi.testengine.TestNGBaseTest">
    <failure type="arjuna.lib.httpclient.SetuHttpException" message="Setu returned an error response.">
      <![CDATA[arjuna.lib.httpclient.SetuHttpException: Setu returned an error response.
at arjuna.lib.httpclient.BasicRestClient.handleResponse(BasicRestClient.java:40)
at arjuna.lib.httpclient.BasicRestClient.post(BasicRestClient.java:66)
at arjuna.client.core.connector.DefaultSetuRequester.post(BaseSetuObject.java:113)
at arjuna.client.core.connector.SetuConnectUtils.sendRequest(SetuConnectUtils.java:65)
at arjuna.client.core.connector.BaseSetuObject.sendRequest(BaseSetuObject.java:73)
at arjuna.client.guiauto.component.GuiAutoComponentFactory$BaseComponent.sendSetuRequest(GuiAutoComponentFactory.java:112)
at arjuna.client.guiauto.component.GuiAutoComponentFactory$DefaultGuiMultiElement.length(GuiAutoComponentFactory.java:242)
at arjex.youtube.scheduled.YXWithJSMultiElementSituations.tearDownMethod(YXWithJSMultiElementSituations.java:48)
at arjuna.tpi.testengine.TestNGBaseTest.endMethod(TestNGBaseTest.java:124)
at sun.reflect.NativeMethodAccessorImpl.invoke0(Native Method)
at sun.reflect.NativeMethodAccessorImpl.invoke(NativeMethodAccessorImpl.java:62)
at sun.reflect.DelegatingMethodAccessorImpl.invoke(DelegatingMethodAccessorImpl.java:43)
at java.lang.reflect.Method.invoke(Method.java:498)
at org.testng.internal.MethodInvocationHelper.invokeMethod(MethodInvocationHelper.java:124)
at org.testng.internal.MethodInvocationHelper.invokeMethodConsideringTimeout(MethodInvocationHelper.java:59)
at org.testng.internal.Invoker.invokeConfigurationMethod(Invoker.java:458)
at org.testng.internal.Invoker.invokeConfigurations(Invoker.java:222)
at org.testng.internal.Invoker.invokeMethod(Invoker.java:646)
at org.testng.internal.Invoker.invokeTestMethod(Invoker.java:719)
at org.testng.internal.Invoker.invokeTestMethods(Invoker.java:989)
at org.testng.internal.TestMethodWorker.invokeTestMethods(TestMethodWorker.java:125)
at org.testng.internal.TestMethodWorker.run(TestMethodWorker.java:109)
at org.testng.TestRunner.privateRun(TestRunner.java:648)
at org.testng.TestRunner.run(TestRunner.java:505)
at org.testng.SuiteRunner.runTest(SuiteRunner.java:455)
at org.testng.SuiteRunner.runSequentially(SuiteRunner.java:450)
at org.testng.SuiteRunner.privateRun(SuiteRunner.java:415)
at org.testng.SuiteRunner.run(SuiteRunner.java:364)
at org.testng.SuiteRunnerWorker.runSuite(SuiteRunnerWorker.java:52)
at org.testng.SuiteRunnerWorker.run(SuiteRunnerWorker.java:84)
at org.testng.TestNG.runSuitesSequentially(TestNG.java:1208)
at org.testng.TestNG.runSuitesLocally(TestNG.java:1137)
at org.testng.TestNG.runSuites(TestNG.java:1049)
at org.testng.TestNG.run(TestNG.java:1017)
at org.testng.remote.AbstractRemoteTestNG.run(AbstractRemoteTestNG.java:114)
at org.testng.remote.RemoteTestNG.initAndRun(RemoteTestNG.java:251)
at org.testng.remote.RemoteTestNG.main(RemoteTestNG.java:77)
]]>
    </failure>
  </testcase> <!-- @AfterMethod endMethod -->
  <testcase name="@AfterClass endClass" time="0.0" classname="arjuna.tpi.testengine.TestNGBaseTest">
    <skipped/>
  </testcase> <!-- @AfterClass endClass -->
  <testcase name="testMNonElementInList" time="60.205" classname="arjex.youtube.scheduled.YXWithJSMultiElementSituations">
    <failure type="arjuna.lib.httpclient.SetuHttpException" message="Setu returned an error response.">
      <![CDATA[arjuna.lib.httpclient.SetuHttpException: Setu returned an error response.
at arjuna.lib.httpclient.BasicRestClient.handleResponse(BasicRestClient.java:40)
at arjuna.lib.httpclient.BasicRestClient.post(BasicRestClient.java:66)
at arjuna.client.core.connector.DefaultSetuRequester.post(BaseSetuObject.java:113)
at arjuna.client.core.connector.SetuConnectUtils.sendRequest(SetuConnectUtils.java:65)
at arjuna.client.core.connector.BaseSetuObject.sendRequest(BaseSetuObject.java:73)
at arjuna.client.guiauto.component.GuiAutoComponentFactory$BaseComponent.sendSetuRequest(GuiAutoComponentFactory.java:112)
at arjuna.client.guiauto.component.GuiAutoComponentFactory$DefaultGuiMultiElement.length(GuiAutoComponentFactory.java:242)
at arjex.youtube.scheduled.YXWithJSMultiElementSituations.testMNonElementInList(YXWithJSMultiElementSituations.java:89)
at sun.reflect.NativeMethodAccessorImpl.invoke0(Native Method)
at sun.reflect.NativeMethodAccessorImpl.invoke(NativeMethodAccessorImpl.java:62)
at sun.reflect.DelegatingMethodAccessorImpl.invoke(DelegatingMethodAccessorImpl.java:43)
at java.lang.reflect.Method.invoke(Method.java:498)
at org.testng.internal.MethodInvocationHelper.invokeMethod(MethodInvocationHelper.java:124)
at org.testng.internal.Invoker.invokeMethod(Invoker.java:583)
at org.testng.internal.Invoker.invokeTestMethod(Invoker.java:719)
at org.testng.internal.Invoker.invokeTestMethods(Invoker.java:989)
at org.testng.internal.TestMethodWorker.invokeTestMethods(TestMethodWorker.java:125)
at org.testng.internal.TestMethodWorker.run(TestMethodWorker.java:109)
at org.testng.TestRunner.privateRun(TestRunner.java:648)
at org.testng.TestRunner.run(TestRunner.java:505)
at org.testng.SuiteRunner.runTest(SuiteRunner.java:455)
at org.testng.SuiteRunner.runSequentially(SuiteRunner.java:450)
at org.testng.SuiteRunner.privateRun(SuiteRunner.java:415)
at org.testng.SuiteRunner.run(SuiteRunner.java:364)
at org.testng.SuiteRunnerWorker.runSuite(SuiteRunnerWorker.java:52)
at org.testng.SuiteRunnerWorker.run(SuiteRunnerWorker.java:84)
at org.testng.TestNG.runSuitesSequentially(TestNG.java:1208)
at org.testng.TestNG.runSuitesLocally(TestNG.java:1137)
at org.testng.TestNG.runSuites(TestNG.java:1049)
at org.testng.TestNG.run(TestNG.java:1017)
at org.testng.remote.AbstractRemoteTestNG.run(AbstractRemoteTestNG.java:114)
at org.testng.remote.RemoteTestNG.initAndRun(RemoteTestNG.java:251)
at org.testng.remote.RemoteTestNG.main(RemoteTestNG.java:77)
]]>
    </failure>
  </testcase> <!-- testMNonElementInList -->
  <testcase name="testMUndef" time="0.0" classname="arjex.youtube.scheduled.YXWithJSMultiElementSituations">
    <ignored/>
  </testcase> <!-- testMUndef -->
  <testcase name="testMM" time="0.0" classname="arjex.youtube.scheduled.YXWithJSMultiElementSituations">
    <ignored/>
  </testcase> <!-- testMM -->
  <testcase name="testMNonElement" time="0.0" classname="arjex.youtube.scheduled.YXWithJSMultiElementSituations">
    <ignored/>
  </testcase> <!-- testMNonElement -->
  <testcase name="testMEmptyList" time="0.0" classname="arjex.youtube.scheduled.YXWithJSMultiElementSituations">
    <ignored/>
  </testcase> <!-- testMEmptyList -->
  <testcase name="testMS" time="0.0" classname="arjex.youtube.scheduled.YXWithJSMultiElementSituations">
    <ignored/>
  </testcase> <!-- testMS -->
  <testcase name="testMNull" time="0.0" classname="arjex.youtube.scheduled.YXWithJSMultiElementSituations">
    <ignored/>
  </testcase> <!-- testMNull -->
</testsuite> <!-- Default test -->
