<?xml version="1.0" encoding="UTF-8"?>
<!-- Generated by org.testng.reporters.JUnitReportReporter -->
<testsuite skipped="1" hostname="Rahuls-MacBook-Pro.local" name="arjex.youtube.basics.Y10BasicWebIdentifiers" tests="2" failures="0" timestamp="22 Sep 2019 14:28:05 GMT" time="11.951" errors="1">
  <testcase name="initArjuna" time="11.951" classname="arjex.youtube.basics.Y10BasicWebIdentifiers">
    <error type="java.lang.Exception" message="Problem: 

">
      <![CDATA[java.lang.Exception: Problem: 


at arjuna.client.core.connector.SetuService.waitForSetu(SetuService.java:77)
at arjuna.client.core.connector.SetuService.launch(SetuService.java:117)
at arjuna.lib.state.ArjunaSingleton.init(ArjunaSingleton.java:50)
at arjuna.tpi.Arjuna.init(Arjuna.java:17)
at arjuna.tpi.Arjuna.init(Arjuna.java:21)
at arjuna.tpi.testng.TestNGBaseTest.initArjuna(TestNGBaseTest.java:51)
at sun.reflect.NativeMethodAccessorImpl.invoke0(Native Method)
at sun.reflect.NativeMethodAccessorImpl.invoke(NativeMethodAccessorImpl.java:62)
at sun.reflect.DelegatingMethodAccessorImpl.invoke(DelegatingMethodAccessorImpl.java:43)
at java.lang.reflect.Method.invoke(Method.java:498)
at org.testng.internal.MethodInvocationHelper.invokeMethod(MethodInvocationHelper.java:124)
at org.testng.internal.MethodInvocationHelper.invokeMethodConsideringTimeout(MethodInvocationHelper.java:59)
at org.testng.internal.Invoker.invokeConfigurationMethod(Invoker.java:458)
at org.testng.internal.Invoker.invokeConfigurations(Invoker.java:222)
at org.testng.internal.Invoker.invokeConfigurations(Invoker.java:142)
at org.testng.SuiteRunner.privateRun(SuiteRunner.java:401)
at org.testng.SuiteRunner.run(SuiteRunner.java:364)
at org.testng.SuiteRunnerWorker.runSuite(SuiteRunnerWorker.java:52)
at org.testng.SuiteRunnerWorker.run(SuiteRunnerWorker.java:84)
at org.testng.TestNG.runSuitesSequentially(TestNG.java:1208)
at org.testng.TestNG.runSuitesLocally(TestNG.java:1137)
at org.testng.TestNG.runSuites(TestNG.java:1049)
at org.testng.TestNG.run(TestNG.java:1017)
at org.testng.remote.AbstractRemoteTestNG.run(AbstractRemoteTestNG.java:114)
at org.testng.remote.RemoteTestNG.initAndRun(RemoteTestNG.java:251)
at org.testng.remote.RemoteTestNG.main(RemoteTestNG.java:77)
]]>
    </error>
  </testcase> <!-- initArjuna -->
  <testcase name="test" time="0.000" classname="arjex.youtube.basics.Y10BasicWebIdentifiers">
    <skipped/>
  </testcase> <!-- test -->
</testsuite> <!-- arjex.youtube.basics.Y10BasicWebIdentifiers -->
