<?xml version="1.0" encoding="UTF-8"?>
<testng-results skipped="0" failed="1" ignored="6" total="7" passed="0">
  <reporter-output>
  </reporter-output>
  <suite name="Default suite" duration-ms="123295" started-at="2019-10-18T11:11:16Z" finished-at="2019-10-18T11:13:19Z">
    <groups>
    </groups>
    <test name="Default test" duration-ms="123295" started-at="2019-10-18T11:11:16Z" finished-at="2019-10-18T11:13:19Z">
      <class name="arjex.youtube.scheduled.YXWithJSMultiElementSituations">
        <test-method status="PASS" signature="initArjuna(org.testng.ITestContext)[pri:0, instance:arjex.youtube.scheduled.YXWithJSMultiElementSituations@6767c1fc]" name="initArjuna" is-config="true" duration-ms="798" started-at="2019-10-18T11:11:15Z" finished-at="2019-10-18T11:11:16Z">
          <params>
            <param index="0">
              <value>
                <![CDATA[org.testng.TestRunner@662ac478]]>
              </value>
            </param>
          </params>
          <reporter-output>
          </reporter-output>
        </test-method> <!-- initArjuna -->
        <test-method status="PASS" signature="initContext(org.testng.ITestContext)[pri:0, instance:arjex.youtube.scheduled.YXWithJSMultiElementSituations@6767c1fc]" name="initContext" is-config="true" duration-ms="17" started-at="2019-10-18T11:11:16Z" finished-at="2019-10-18T11:11:16Z">
          <params>
            <param index="0">
              <value>
                <![CDATA[org.testng.TestRunner@662ac478]]>
              </value>
            </param>
          </params>
          <reporter-output>
          </reporter-output>
        </test-method> <!-- initContext -->
        <test-method status="PASS" signature="initClass(org.testng.ITestContext)[pri:0, instance:arjex.youtube.scheduled.YXWithJSMultiElementSituations@6767c1fc]" name="initClass" is-config="true" duration-ms="0" started-at="2019-10-18T11:11:16Z" finished-at="2019-10-18T11:11:16Z">
          <params>
            <param index="0">
              <value>
                <![CDATA[org.testng.TestRunner@662ac478]]>
              </value>
            </param>
          </params>
          <reporter-output>
          </reporter-output>
        </test-method> <!-- initClass -->
        <test-method status="PASS" signature="initMethod(org.testng.ITestContext)[pri:0, instance:arjex.youtube.scheduled.YXWithJSMultiElementSituations@6767c1fc]" name="initMethod" is-config="true" duration-ms="2869" started-at="2019-10-18T11:11:16Z" finished-at="2019-10-18T11:11:19Z">
          <params>
            <param index="0">
              <value>
                <![CDATA[org.testng.TestRunner@662ac478]]>
              </value>
            </param>
          </params>
          <reporter-output>
          </reporter-output>
        </test-method> <!-- initMethod -->
        <test-method status="FAIL" signature="testMNonElementInList()[pri:0, instance:arjex.youtube.scheduled.YXWithJSMultiElementSituations@6767c1fc]" name="testMNonElementInList" duration-ms="60205" started-at="2019-10-18T11:11:19Z" finished-at="2019-10-18T11:12:19Z">
          <exception class="arjuna.lib.httpclient.SetuHttpException">
            <message>
              <![CDATA[Setu returned an error response.]]>
            </message>
            <full-stacktrace>
              <![CDATA[arjuna.lib.httpclient.SetuHttpException: Setu returned an error response.
at arjuna.lib.httpclient.BasicRestClient.handleResponse(BasicRestClient.java:40)
at arjuna.lib.httpclient.BasicRestClient.post(BasicRestClient.java:66)
at arjuna.client.core.connector.DefaultSetuRequester.post(BaseSetuObject.java:113)
at arjuna.client.core.connector.SetuConnectUtils.sendRequest(SetuConnectUtils.java:65)
at arjuna.client.core.connector.BaseSetuObject.sendRequest(BaseSetuObject.java:73)
at arjuna.client.guiauto.component.GuiAutoComponentFactory$BaseComponent.sendSetuRequest(GuiAutoComponentFactory.java:112)
at arjuna.client.guiauto.component.GuiAutoComponentFactory$DefaultGuiMultiElement.length(GuiAutoComponentFactory.java:242)
at arjex.youtube.scheduled.YXWithJSMultiElementSituations.testMNonElementInList(YXWithJSMultiElementSituations.java:89)
at sun.reflect.NativeMethodAccessorImpl.invoke0(Native Method)
at sun.reflect.NativeMethodAccessorImpl.invoke(NativeMethodAccessorImpl.java:62)
at sun.reflect.DelegatingMethodAccessorImpl.invoke(DelegatingMethodAccessorImpl.java:43)
at java.lang.reflect.Method.invoke(Method.java:498)
at org.testng.internal.MethodInvocationHelper.invokeMethod(MethodInvocationHelper.java:124)
at org.testng.internal.Invoker.invokeMethod(Invoker.java:583)
at org.testng.internal.Invoker.invokeTestMethod(Invoker.java:719)
at org.testng.internal.Invoker.invokeTestMethods(Invoker.java:989)
at org.testng.internal.TestMethodWorker.invokeTestMethods(TestMethodWorker.java:125)
at org.testng.internal.TestMethodWorker.run(TestMethodWorker.java:109)
at org.testng.TestRunner.privateRun(TestRunner.java:648)
at org.testng.TestRunner.run(TestRunner.java:505)
at org.testng.SuiteRunner.runTest(SuiteRunner.java:455)
at org.testng.SuiteRunner.runSequentially(SuiteRunner.java:450)
at org.testng.SuiteRunner.privateRun(SuiteRunner.java:415)
at org.testng.SuiteRunner.run(SuiteRunner.java:364)
at org.testng.SuiteRunnerWorker.runSuite(SuiteRunnerWorker.java:52)
at org.testng.SuiteRunnerWorker.run(SuiteRunnerWorker.java:84)
at org.testng.TestNG.runSuitesSequentially(TestNG.java:1208)
at org.testng.TestNG.runSuitesLocally(TestNG.java:1137)
at org.testng.TestNG.runSuites(TestNG.java:1049)
at org.testng.TestNG.run(TestNG.java:1017)
at org.testng.remote.AbstractRemoteTestNG.run(AbstractRemoteTestNG.java:114)
at org.testng.remote.RemoteTestNG.initAndRun(RemoteTestNG.java:251)
at org.testng.remote.RemoteTestNG.main(RemoteTestNG.java:77)
]]>
            </full-stacktrace>
          </exception> <!-- arjuna.lib.httpclient.SetuHttpException -->
          <reporter-output>
          </reporter-output>
        </test-method> <!-- testMNonElementInList -->
        <test-method status="FAIL" signature="endMethod(org.testng.ITestContext)[pri:0, instance:arjex.youtube.scheduled.YXWithJSMultiElementSituations@6767c1fc]" name="endMethod" is-config="true" duration-ms="60182" started-at="2019-10-18T11:12:19Z" finished-at="2019-10-18T11:13:19Z">
          <params>
            <param index="0">
              <value>
                <![CDATA[org.testng.TestRunner@662ac478]]>
              </value>
            </param>
          </params>
          <exception class="arjuna.lib.httpclient.SetuHttpException">
            <message>
              <![CDATA[Setu returned an error response.]]>
            </message>
            <full-stacktrace>
              <![CDATA[arjuna.lib.httpclient.SetuHttpException: Setu returned an error response.
at arjuna.lib.httpclient.BasicRestClient.handleResponse(BasicRestClient.java:40)
at arjuna.lib.httpclient.BasicRestClient.post(BasicRestClient.java:66)
at arjuna.client.core.connector.DefaultSetuRequester.post(BaseSetuObject.java:113)
at arjuna.client.core.connector.SetuConnectUtils.sendRequest(SetuConnectUtils.java:65)
at arjuna.client.core.connector.BaseSetuObject.sendRequest(BaseSetuObject.java:73)
at arjuna.client.guiauto.component.GuiAutoComponentFactory$BaseComponent.sendSetuRequest(GuiAutoComponentFactory.java:112)
at arjuna.client.guiauto.component.GuiAutoComponentFactory$DefaultGuiMultiElement.length(GuiAutoComponentFactory.java:242)
at arjex.youtube.scheduled.YXWithJSMultiElementSituations.tearDownMethod(YXWithJSMultiElementSituations.java:48)
at arjuna.tpi.testengine.TestNGBaseTest.endMethod(TestNGBaseTest.java:124)
at sun.reflect.NativeMethodAccessorImpl.invoke0(Native Method)
at sun.reflect.NativeMethodAccessorImpl.invoke(NativeMethodAccessorImpl.java:62)
at sun.reflect.DelegatingMethodAccessorImpl.invoke(DelegatingMethodAccessorImpl.java:43)
at java.lang.reflect.Method.invoke(Method.java:498)
at org.testng.internal.MethodInvocationHelper.invokeMethod(MethodInvocationHelper.java:124)
at org.testng.internal.MethodInvocationHelper.invokeMethodConsideringTimeout(MethodInvocationHelper.java:59)
at org.testng.internal.Invoker.invokeConfigurationMethod(Invoker.java:458)
at org.testng.internal.Invoker.invokeConfigurations(Invoker.java:222)
at org.testng.internal.Invoker.invokeMethod(Invoker.java:646)
at org.testng.internal.Invoker.invokeTestMethod(Invoker.java:719)
at org.testng.internal.Invoker.invokeTestMethods(Invoker.java:989)
at org.testng.internal.TestMethodWorker.invokeTestMethods(TestMethodWorker.java:125)
at org.testng.internal.TestMethodWorker.run(TestMethodWorker.java:109)
at org.testng.TestRunner.privateRun(TestRunner.java:648)
at org.testng.TestRunner.run(TestRunner.java:505)
at org.testng.SuiteRunner.runTest(SuiteRunner.java:455)
at org.testng.SuiteRunner.runSequentially(SuiteRunner.java:450)
at org.testng.SuiteRunner.privateRun(SuiteRunner.java:415)
at org.testng.SuiteRunner.run(SuiteRunner.java:364)
at org.testng.SuiteRunnerWorker.runSuite(SuiteRunnerWorker.java:52)
at org.testng.SuiteRunnerWorker.run(SuiteRunnerWorker.java:84)
at org.testng.TestNG.runSuitesSequentially(TestNG.java:1208)
at org.testng.TestNG.runSuitesLocally(TestNG.java:1137)
at org.testng.TestNG.runSuites(TestNG.java:1049)
at org.testng.TestNG.run(TestNG.java:1017)
at org.testng.remote.AbstractRemoteTestNG.run(AbstractRemoteTestNG.java:114)
at org.testng.remote.RemoteTestNG.initAndRun(RemoteTestNG.java:251)
at org.testng.remote.RemoteTestNG.main(RemoteTestNG.java:77)
]]>
            </full-stacktrace>
          </exception> <!-- arjuna.lib.httpclient.SetuHttpException -->
          <reporter-output>
          </reporter-output>
        </test-method> <!-- endMethod -->
        <test-method status="SKIP" signature="endClass(org.testng.ITestContext)[pri:0, instance:arjex.youtube.scheduled.YXWithJSMultiElementSituations@6767c1fc]" name="endClass" is-config="true" duration-ms="0" started-at="2019-10-18T11:13:19Z" finished-at="2019-10-18T11:13:19Z">
          <reporter-output>
          </reporter-output>
        </test-method> <!-- endClass -->
        <test-method status="PASS" signature="endContext(org.testng.ITestContext)[pri:0, instance:arjex.youtube.scheduled.YXWithJSMultiElementSituations@6767c1fc]" name="endContext" is-config="true" duration-ms="0" started-at="2019-10-18T11:13:19Z" finished-at="2019-10-18T11:13:19Z">
          <params>
            <param index="0">
              <value>
                <![CDATA[org.testng.TestRunner@662ac478]]>
              </value>
            </param>
          </params>
          <reporter-output>
          </reporter-output>
        </test-method> <!-- endContext -->
        <test-method status="PASS" signature="cleanUpSession(org.testng.ITestContext)[pri:0, instance:arjex.youtube.scheduled.YXWithJSMultiElementSituations@6767c1fc]" name="cleanUpSession" is-config="true" duration-ms="9" started-at="2019-10-18T11:13:19Z" finished-at="2019-10-18T11:13:19Z">
          <params>
            <param index="0">
              <value>
                <![CDATA[org.testng.TestRunner@662ac478]]>
              </value>
            </param>
          </params>
          <reporter-output>
          </reporter-output>
        </test-method> <!-- cleanUpSession -->
      </class> <!-- arjex.youtube.scheduled.YXWithJSMultiElementSituations -->
    </test> <!-- Default test -->
  </suite> <!-- Default suite -->
</testng-results>
